0 info it worked if it ends with ok
1 verbose cli [ 'node', '/usr/local/bin/npm', 'start' ]
2 info using npm@1.1.66
3 info using node@v0.8.15
4 verbose read json /Users/mparrish/projects/alm-mobile/package.json
5 verbose run-script [ 'prestart', 'start', 'poststart' ]
6 info prestart alm-mobile@0.0.1
7 info start alm-mobile@0.0.1
8 verbose unsafe-perm in lifecycle true
9 silly exec sh "-c" "node server.js"
10 silly sh,-c,node server.js,/Users/mparrish/projects/alm-mobile spawning
11 info alm-mobile@0.0.1 Failed to exec start script
12 error alm-mobile@0.0.1 start: `node server.js`
12 error `sh "-c" "node server.js"` failed with 1
13 error Failed at the alm-mobile@0.0.1 start script.
13 error This is most likely a problem with the alm-mobile package,
13 error not with npm itself.
13 error Tell the author that this fails on your system:
13 error     node server.js
13 error You can get their info via:
13 error     npm owner ls alm-mobile
13 error There is likely additional logging output above.
14 error System Darwin 11.4.2
15 error command "node" "/usr/local/bin/npm" "start"
16 error cwd /Users/mparrish/projects/alm-mobile
17 error node -v v0.8.15
18 error npm -v 1.1.66
19 error code ELIFECYCLE
20 verbose exit [ 1, true ]
